<?xml version="1.0" encoding="UTF-8"?>
<testsuite xmlns:xsi="http://www.w3.org/2001/XMLSchema-instance" xsi:noNamespaceSchemaLocation="https://maven.apache.org/surefire/maven-surefire-plugin/xsd/surefire-test-report-3.0.xsd" version="3.0" name="CucumberTestRunner" time="57.354" tests="5" errors="4" skipped="0" failures="0">
  <properties>
[...]
</properties>
  <testcase name="Create an account with a random generated email and accept terms" classname="Testing of login, user account creation and web scrapping of product research" time="8.631">
    <error message="Step [User creates an account] is defined with 2 parameters at &apos;CreateAccount.CreateAccountSteps.CreateAccount(java.lang.String,java.lang.String)&apos;.&#10;However, the gherkin step has 0 arguments.&#10;Step text: User creates an account" type="io.cucumber.core.exception.CucumberException"><![CDATA[io.cucumber.core.exception.CucumberException: 
Step [User creates an account] is defined with 2 parameters at 'CreateAccount.CreateAccountSteps.CreateAccount(java.lang.String,java.lang.String)'.
However, the gherkin step has 0 arguments.
Step text: User creates an account
	at io.cucumber.core.runner.PickleStepDefinitionMatch.arityMismatch(PickleStepDefinitionMatch.java:82)
	at io.cucumber.core.runner.PickleStepDefinitionMatch.runStep(PickleStepDefinitionMatch.java:41)
	at io.cucumber.core.runner.ExecutionMode$1.execute(ExecutionMode.java:10)
	at io.cucumber.core.runner.TestStep.executeStep(TestStep.java:81)
	at io.cucumber.core.runner.TestStep.run(TestStep.java:53)
	at io.cucumber.core.runner.PickleStepTestStep.run(PickleStepTestStep.java:51)
	at io.cucumber.core.runner.TestCase.run(TestCase.java:84)
	at io.cucumber.core.runner.Runner.runPickle(Runner.java:75)
	at io.cucumber.junit.PickleRunners$NoStepDescriptions.lambda$run$0(PickleRunners.java:151)
	at io.cucumber.core.runtime.CucumberExecutionContext.lambda$runTestCase$5(CucumberExecutionContext.java:136)
	at io.cucumber.core.runtime.RethrowingThrowableCollector.executeAndThrow(RethrowingThrowableCollector.java:23)
	at io.cucumber.core.runtime.CucumberExecutionContext.runTestCase(CucumberExecutionContext.java:136)
	at io.cucumber.junit.PickleRunners$NoStepDescriptions.run(PickleRunners.java:148)
	at io.cucumber.junit.FeatureRunner.runChild(FeatureRunner.java:144)
	at io.cucumber.junit.FeatureRunner.runChild(FeatureRunner.java:28)
	at org.junit.runners.ParentRunner$4.run(ParentRunner.java:331)
	at org.junit.runners.ParentRunner$1.schedule(ParentRunner.java:79)
	at org.junit.runners.ParentRunner.runChildren(ParentRunner.java:329)
	at org.junit.runners.ParentRunner.access$100(ParentRunner.java:66)
	at org.junit.runners.ParentRunner$2.evaluate(ParentRunner.java:293)
	at org.junit.runners.ParentRunner$3.evaluate(ParentRunner.java:306)
	at org.junit.runners.ParentRunner.run(ParentRunner.java:413)
	at io.cucumber.junit.FeatureRunner.run(FeatureRunner.java:137)
	at io.cucumber.junit.Cucumber.runChild(Cucumber.java:199)
	at io.cucumber.junit.Cucumber.runChild(Cucumber.java:89)
	at org.junit.runners.ParentRunner$4.run(ParentRunner.java:331)
	at org.junit.runners.ParentRunner$1.schedule(ParentRunner.java:79)
	at org.junit.runners.ParentRunner.runChildren(ParentRunner.java:329)
	at org.junit.runners.ParentRunner.access$100(ParentRunner.java:66)
	at org.junit.runners.ParentRunner$2.evaluate(ParentRunner.java:293)
	at io.cucumber.core.runtime.CucumberExecutionContext.lambda$runFeatures$6(CucumberExecutionContext.java:147)
	at io.cucumber.core.runtime.CucumberExecutionContext.execute(CucumberExecutionContext.java:162)
	at io.cucumber.core.runtime.CucumberExecutionContext.runFeatures(CucumberExecutionContext.java:145)
	at io.cucumber.junit.Cucumber$StartAndFinishTestRun.evaluate(Cucumber.java:229)
	at org.junit.runners.ParentRunner$3.evaluate(ParentRunner.java:306)
	at org.junit.runners.ParentRunner.run(ParentRunner.java:413)
	at org.apache.maven.surefire.junit4.JUnit4Provider.execute(JUnit4Provider.java:316)
	at org.apache.maven.surefire.junit4.JUnit4Provider.executeWithRerun(JUnit4Provider.java:240)
	at org.apache.maven.surefire.junit4.JUnit4Provider.executeTestSet(JUnit4Provider.java:214)
	at org.apache.maven.surefire.junit4.JUnit4Provider.invoke(JUnit4Provider.java:155)
	at org.apache.maven.surefire.booter.ForkedBooter.runSuitesInProcess(ForkedBooter.java:385)
	at org.apache.maven.surefire.booter.ForkedBooter.execute(ForkedBooter.java:162)
	at org.apache.maven.surefire.booter.ForkedBooter.run(ForkedBooter.java:507)
	at org.apache.maven.surefire.booter.ForkedBooter.main(ForkedBooter.java:495)
]]></error>
    <system-out><![CDATA[
@allure.story:CreateAccount @CreateAccount
Scenario: Create an account with a random generated email and accept terms # src/test/resources/features/ecommerce_test.feature:7
WebDriver successfully initialized: CHROME
  Given User access the main page                                          # Scenario.BaseTest.setUp()
  When User accepts the cookies                                            # BaseConfigElements.BaseSteps.acceptCookies()
No aparecio publicidad para cerrar
  And User closes publicity modal                                          # BaseConfigElements.BaseSteps.closeModal()
  And User creates an account                                              # CreateAccount.CreateAccountSteps.CreateAccount(java.lang.String,java.lang.String)
      io.cucumber.core.exception.CucumberException: Step [User creates an account] is defined with 2 parameters at 'CreateAccount.CreateAccountSteps.CreateAccount(java.lang.String,java.lang.String)'.
However, the gherkin step has 0 arguments.
Step text: User creates an account
	at io.cucumber.core.runner.PickleStepDefinitionMatch.arityMismatch(PickleStepDefinitionMatch.java:82)
	at io.cucumber.core.runner.PickleStepDefinitionMatch.runStep(PickleStepDefinitionMatch.java:41)
	at io.cucumber.core.runner.ExecutionMode$1.execute(ExecutionMode.java:10)
	at io.cucumber.core.runner.TestStep.executeStep(TestStep.java:81)
	at io.cucumber.core.runner.TestStep.run(TestStep.java:53)
	at io.cucumber.core.runner.PickleStepTestStep.run(PickleStepTestStep.java:51)
	at io.cucumber.core.runner.TestCase.run(TestCase.java:84)
	at io.cucumber.core.runner.Runner.runPickle(Runner.java:75)
	at io.cucumber.junit.PickleRunners$NoStepDescriptions.lambda$run$0(PickleRunners.java:151)
	at io.cucumber.core.runtime.CucumberExecutionContext.lambda$runTestCase$5(CucumberExecutionContext.java:136)
	at io.cucumber.core.runtime.RethrowingThrowableCollector.executeAndThrow(RethrowingThrowableCollector.java:23)
	at io.cucumber.core.runtime.CucumberExecutionContext.runTestCase(CucumberExecutionContext.java:136)
	at io.cucumber.junit.PickleRunners$NoStepDescriptions.run(PickleRunners.java:148)
	at io.cucumber.junit.FeatureRunner.runChild(FeatureRunner.java:144)
	at io.cucumber.junit.FeatureRunner.runChild(FeatureRunner.java:28)
	at org.junit.runners.ParentRunner$4.run(ParentRunner.java:331)
	at org.junit.runners.ParentRunner$1.schedule(ParentRunner.java:79)
	at org.junit.runners.ParentRunner.runChildren(ParentRunner.java:329)
	at org.junit.runners.ParentRunner.access$100(ParentRunner.java:66)
	at org.junit.runners.ParentRunner$2.evaluate(ParentRunner.java:293)
	at org.junit.runners.ParentRunner$3.evaluate(ParentRunner.java:306)
	at org.junit.runners.ParentRunner.run(ParentRunner.java:413)
	at io.cucumber.junit.FeatureRunner.run(FeatureRunner.java:137)
	at io.cucumber.junit.Cucumber.runChild(Cucumber.java:199)
	at io.cucumber.junit.Cucumber.runChild(Cucumber.java:89)
	at org.junit.runners.ParentRunner$4.run(ParentRunner.java:331)
	at org.junit.runners.ParentRunner$1.schedule(ParentRunner.java:79)
	at org.junit.runners.ParentRunner.runChildren(ParentRunner.java:329)
	at org.junit.runners.ParentRunner.access$100(ParentRunner.java:66)
	at org.junit.runners.ParentRunner$2.evaluate(ParentRunner.java:293)
	at io.cucumber.core.runtime.CucumberExecutionContext.lambda$runFeatures$6(CucumberExecutionContext.java:147)
	at io.cucumber.core.runtime.CucumberExecutionContext.execute(CucumberExecutionContext.java:162)
	at io.cucumber.core.runtime.CucumberExecutionContext.runFeatures(CucumberExecutionContext.java:145)
	at io.cucumber.junit.Cucumber$StartAndFinishTestRun.evaluate(Cucumber.java:229)
	at org.junit.runners.ParentRunner$3.evaluate(ParentRunner.java:306)
	at org.junit.runners.ParentRunner.run(ParentRunner.java:413)
	at org.apache.maven.surefire.junit4.JUnit4Provider.execute(JUnit4Provider.java:316)
	at org.apache.maven.surefire.junit4.JUnit4Provider.executeWithRerun(JUnit4Provider.java:240)
	at org.apache.maven.surefire.junit4.JUnit4Provider.executeTestSet(JUnit4Provider.java:214)
	at org.apache.maven.surefire.junit4.JUnit4Provider.invoke(JUnit4Provider.java:155)
	at org.apache.maven.surefire.booter.ForkedBooter.runSuitesInProcess(ForkedBooter.java:385)
	at org.apache.maven.surefire.booter.ForkedBooter.execute(ForkedBooter.java:162)
	at org.apache.maven.surefire.booter.ForkedBooter.run(ForkedBooter.java:507)
	at org.apache.maven.surefire.booter.ForkedBooter.main(ForkedBooter.java:495)

  Then User closes browser                                                 # Scenario.BaseTest.tearDown()
]]></system-out>
    <system-err><![CDATA[[main] INFO io.github.bonigarcia.wdm.WebDriverManager - Using chromedriver 138.0.7204.183 (resolved driver for Chrome 138)
[main] INFO io.github.bonigarcia.wdm.WebDriverManager - Exporting webdriver.chrome.driver as /Users/luisnavarro/.cache/selenium/chromedriver/mac-arm64/138.0.7204.183/chromedriver
Aug 05, 2025 2:29:37 PM org.openqa.selenium.devtools.CdpVersionFinder findNearestMatch
WARNING: Unable to find CDP implementation matching 138
Aug 05, 2025 2:29:37 PM org.openqa.selenium.chromium.ChromiumDriver lambda$new$5
WARNING: Unable to find version of CDP to use for 138.0.7204.184. You may need to include a dependency on a specific version of the CDP using something similar to `org.seleniumhq.selenium:selenium-devtools-v86:4.27.0` where the version ("v86") matches the version of the chromium-based browser you're using and the version number of the artifact is the same as Selenium's.
]]></system-err>
  </testcase>
  <testcase name="Log as a registered user and verify if user have access" classname="Testing of login, user account creation and web scrapping of product research" time="9.887">
    <error message="element click intercepted: Element &lt;a href=&quot;#&quot; class=&quot;clickable qa-show-sidetray-account sidetray-account&quot; tabindex=&quot;0&quot;&gt;...&lt;/a&gt; is not clickable at point (1549, 93). Other element would receive the click: &lt;div class=&quot;bloomreach-weblayer&quot;&gt;&lt;/div&gt;&#10;  (Session info: chrome=138.0.7204.184)&#10;Build info: version: &apos;4.27.0&apos;, revision: &apos;d6e718d134&apos;&#10;System info: os.name: &apos;Mac OS X&apos;, os.arch: &apos;aarch64&apos;, os.version: &apos;15.5&apos;, java.version: &apos;24.0.2&apos;&#10;Driver info: org.openqa.selenium.chrome.ChromeDriver&#10;Command: [daead3865b5ace971205ab01cb720fc3, clickElement {id=f.D2283A0B97168AA9135D26236236BB1A.d.8A4D224670F7F086BB889FEE671D7558.e.84}]&#10;Capabilities {acceptInsecureCerts: false, browserName: chrome, browserVersion: 138.0.7204.184, chrome: {chromedriverVersion: 138.0.7204.183 (e90faf484dd..., userDataDir: /var/folders/nx/g7zx87j545j...}, fedcm:accounts: true, goog:chromeOptions: {debuggerAddress: localhost:57437}, networkConnectionEnabled: false, pageLoadStrategy: normal, platformName: mac, proxy: Proxy(), se:cdp: ws://localhost:57437/devtoo..., se:cdpVersion: 138.0.7204.184, setWindowRect: true, strictFileInteractability: false, timeouts: {implicit: 0, pageLoad: 300000, script: 30000}, unhandledPromptBehavior: dismiss and notify, webauthn:extension:credBlob: true, webauthn:extension:largeBlob: true, webauthn:extension:minPinLength: true, webauthn:extension:prf: true, webauthn:virtualAuthenticators: true}&#10;Element: [[ChromeDriver: chrome on mac (daead3865b5ace971205ab01cb720fc3)] -&gt; xpath: //a[@class=&apos;clickable qa-show-sidetray-account sidetray-account&apos;]]&#10;Session ID: daead3865b5ace971205ab01cb720fc3" type="org.openqa.selenium.ElementClickInterceptedException"><![CDATA[org.openqa.selenium.ElementClickInterceptedException: 
element click intercepted: Element <a href="#" class="clickable qa-show-sidetray-account sidetray-account" tabindex="0">...</a> is not clickable at point (1549, 93). Other element would receive the click: <div class="bloomreach-weblayer"></div>
  (Session info: chrome=138.0.7204.184)
Build info: version: '4.27.0', revision: 'd6e718d134'
System info: os.name: 'Mac OS X', os.arch: 'aarch64', os.version: '15.5', java.version: '24.0.2'
Driver info: org.openqa.selenium.chrome.ChromeDriver
Command: [daead3865b5ace971205ab01cb720fc3, clickElement {id=f.D2283A0B97168AA9135D26236236BB1A.d.8A4D224670F7F086BB889FEE671D7558.e.84}]
Capabilities {acceptInsecureCerts: false, browserName: chrome, browserVersion: 138.0.7204.184, chrome: {chromedriverVersion: 138.0.7204.183 (e90faf484dd..., userDataDir: /var/folders/nx/g7zx87j545j...}, fedcm:accounts: true, goog:chromeOptions: {debuggerAddress: localhost:57437}, networkConnectionEnabled: false, pageLoadStrategy: normal, platformName: mac, proxy: Proxy(), se:cdp: ws://localhost:57437/devtoo..., se:cdpVersion: 138.0.7204.184, setWindowRect: true, strictFileInteractability: false, timeouts: {implicit: 0, pageLoad: 300000, script: 30000}, unhandledPromptBehavior: dismiss and notify, webauthn:extension:credBlob: true, webauthn:extension:largeBlob: true, webauthn:extension:minPinLength: true, webauthn:extension:prf: true, webauthn:virtualAuthenticators: true}
Element: [[ChromeDriver: chrome on mac (daead3865b5ace971205ab01cb720fc3)] -> xpath: //a[@class='clickable qa-show-sidetray-account sidetray-account']]
Session ID: daead3865b5ace971205ab01cb720fc3
	at java.base/jdk.internal.reflect.DirectConstructorHandleAccessor.newInstance(DirectConstructorHandleAccessor.java:62)
	at java.base/java.lang.reflect.Constructor.newInstanceWithCaller(Constructor.java:499)
	at java.base/java.lang.reflect.Constructor.newInstance(Constructor.java:483)
	at org.openqa.selenium.remote.ErrorCodec.decode(ErrorCodec.java:167)
	at org.openqa.selenium.remote.codec.w3c.W3CHttpResponseCodec.decode(W3CHttpResponseCodec.java:138)
	at org.openqa.selenium.remote.codec.w3c.W3CHttpResponseCodec.decode(W3CHttpResponseCodec.java:50)
	at org.openqa.selenium.remote.HttpCommandExecutor.execute(HttpCommandExecutor.java:190)
	at org.openqa.selenium.remote.service.DriverCommandExecutor.invokeExecute(DriverCommandExecutor.java:216)
	at org.openqa.selenium.remote.service.DriverCommandExecutor.execute(DriverCommandExecutor.java:174)
	at org.openqa.selenium.remote.RemoteWebDriver.execute(RemoteWebDriver.java:545)
	at org.openqa.selenium.remote.RemoteWebElement.execute(RemoteWebElement.java:223)
	at org.openqa.selenium.remote.RemoteWebElement.click(RemoteWebElement.java:76)
	at Login.LoginSteps.LogCredentials(LoginSteps.java:20)
	at ✽.User enters and logs credentials with email: "xluismariox@gmail.com" and password: "test121@"(file:///Users/luisnavarro/Library/CloudStorage/OneDrive-InstitutoSuperiorAutonomodeOccidenteA.C/DOCS_GRID/SELENIUM/SeleniumPageFactory/src/test/resources/features/ecommerce_test.feature:21)
]]></error>
    <system-out><![CDATA[
@allure.story:LogIn @LogIn
Scenario: Log as a registered user and verify if user have access                                   # src/test/resources/features/ecommerce_test.feature:17
Webdriver initialized
WebDriver successfully initialized: CHROME
  Given User access the main page                                                                   # Scenario.BaseTest.setUp()
  When User accepts the cookies                                                                     # BaseConfigElements.BaseSteps.acceptCookies()
No aparecio publicidad para cerrar
  And User closes publicity modal                                                                   # BaseConfigElements.BaseSteps.closeModal()
  And User enters and logs credentials with email: "xluismariox@gmail.com" and password: "test121@" # Login.LoginSteps.LogCredentials(java.lang.String,java.lang.String)
      org.openqa.selenium.ElementClickInterceptedException: element click intercepted: Element <a href="#" class="clickable qa-show-sidetray-account sidetray-account" tabindex="0">...</a> is not clickable at point (1549, 93). Other element would receive the click: <div class="bloomreach-weblayer"></div>
  (Session info: chrome=138.0.7204.184)
Build info: version: '4.27.0', revision: 'd6e718d134'
System info: os.name: 'Mac OS X', os.arch: 'aarch64', os.version: '15.5', java.version: '24.0.2'
Driver info: org.openqa.selenium.chrome.ChromeDriver
Command: [daead3865b5ace971205ab01cb720fc3, clickElement {id=f.D2283A0B97168AA9135D26236236BB1A.d.8A4D224670F7F086BB889FEE671D7558.e.84}]
Capabilities {acceptInsecureCerts: false, browserName: chrome, browserVersion: 138.0.7204.184, chrome: {chromedriverVersion: 138.0.7204.183 (e90faf484dd..., userDataDir: /var/folders/nx/g7zx87j545j...}, fedcm:accounts: true, goog:chromeOptions: {debuggerAddress: localhost:57437}, networkConnectionEnabled: false, pageLoadStrategy: normal, platformName: mac, proxy: Proxy(), se:cdp: ws://localhost:57437/devtoo..., se:cdpVersion: 138.0.7204.184, setWindowRect: true, strictFileInteractability: false, timeouts: {implicit: 0, pageLoad: 300000, script: 30000}, unhandledPromptBehavior: dismiss and notify, webauthn:extension:credBlob: true, webauthn:extension:largeBlob: true, webauthn:extension:minPinLength: true, webauthn:extension:prf: true, webauthn:virtualAuthenticators: true}
Element: [[ChromeDriver: chrome on mac (daead3865b5ace971205ab01cb720fc3)] -> xpath: //a[@class='clickable qa-show-sidetray-account sidetray-account']]
Session ID: daead3865b5ace971205ab01cb720fc3
	at java.base/jdk.internal.reflect.DirectConstructorHandleAccessor.newInstance(DirectConstructorHandleAccessor.java:62)
	at java.base/java.lang.reflect.Constructor.newInstanceWithCaller(Constructor.java:499)
	at java.base/java.lang.reflect.Constructor.newInstance(Constructor.java:483)
	at org.openqa.selenium.remote.ErrorCodec.decode(ErrorCodec.java:167)
	at org.openqa.selenium.remote.codec.w3c.W3CHttpResponseCodec.decode(W3CHttpResponseCodec.java:138)
	at org.openqa.selenium.remote.codec.w3c.W3CHttpResponseCodec.decode(W3CHttpResponseCodec.java:50)
	at org.openqa.selenium.remote.HttpCommandExecutor.execute(HttpCommandExecutor.java:190)
	at org.openqa.selenium.remote.service.DriverCommandExecutor.invokeExecute(DriverCommandExecutor.java:216)
	at org.openqa.selenium.remote.service.DriverCommandExecutor.execute(DriverCommandExecutor.java:174)
	at org.openqa.selenium.remote.RemoteWebDriver.execute(RemoteWebDriver.java:545)
	at org.openqa.selenium.remote.RemoteWebElement.execute(RemoteWebElement.java:223)
	at org.openqa.selenium.remote.RemoteWebElement.click(RemoteWebElement.java:76)
	at Login.LoginSteps.LogCredentials(LoginSteps.java:20)
	at ✽.User enters and logs credentials with email: "xluismariox@gmail.com" and password: "test121@"(file:///Users/luisnavarro/Library/CloudStorage/OneDrive-InstitutoSuperiorAutonomodeOccidenteA.C/DOCS_GRID/SELENIUM/SeleniumPageFactory/src/test/resources/features/ecommerce_test.feature:21)

  Then User closes browser                                                                          # Scenario.BaseTest.tearDown()
]]></system-out>
    <system-err><![CDATA[[main] INFO io.github.bonigarcia.wdm.WebDriverManager - Using chromedriver 138.0.7204.183 (resolved driver for Chrome 138)
[main] INFO io.github.bonigarcia.wdm.WebDriverManager - Exporting webdriver.chrome.driver as /Users/luisnavarro/.cache/selenium/chromedriver/mac-arm64/138.0.7204.183/chromedriver
Aug 05, 2025 2:29:45 PM org.openqa.selenium.devtools.CdpVersionFinder findNearestMatch
WARNING: Unable to find CDP implementation matching 138
Aug 05, 2025 2:29:45 PM org.openqa.selenium.chromium.ChromiumDriver lambda$new$5
WARNING: Unable to find version of CDP to use for 138.0.7204.184. You may need to include a dependency on a specific version of the CDP using something similar to `org.seleniumhq.selenium:selenium-devtools-v86:4.27.0` where the version ("v86") matches the version of the chromium-based browser you're using and the version number of the artifact is the same as Selenium's.
]]></system-err>
  </testcase>
  <testcase name="Create a new account and then log in with the new account" classname="Testing of login, user account creation and web scrapping of product research" time="17.336">
    <error message="element click intercepted: Element &lt;a href=&quot;#&quot; class=&quot;clickable qa-show-sidetray-account sidetray-account&quot; tabindex=&quot;0&quot;&gt;...&lt;/a&gt; is not clickable at point (1556, 93). Other element would receive the click: &lt;div class=&quot;bloomreach-weblayer&quot;&gt;&lt;/div&gt;&#10;  (Session info: chrome=138.0.7204.184)&#10;Build info: version: &apos;4.27.0&apos;, revision: &apos;d6e718d134&apos;&#10;System info: os.name: &apos;Mac OS X&apos;, os.arch: &apos;aarch64&apos;, os.version: &apos;15.5&apos;, java.version: &apos;24.0.2&apos;&#10;Driver info: org.openqa.selenium.chrome.ChromeDriver&#10;Command: [6e1c36688de0d6a3235dc9cc07f7f2b6, clickElement {id=f.835185B54D0A0B7FC0106C79047A2557.d.C5A1D8373384C1AAD543AD2D0322E109.e.84}]&#10;Capabilities {acceptInsecureCerts: false, browserName: chrome, browserVersion: 138.0.7204.184, chrome: {chromedriverVersion: 138.0.7204.183 (e90faf484dd..., userDataDir: /var/folders/nx/g7zx87j545j...}, fedcm:accounts: true, goog:chromeOptions: {debuggerAddress: localhost:57656}, networkConnectionEnabled: false, pageLoadStrategy: normal, platformName: mac, proxy: Proxy(), se:cdp: ws://localhost:57656/devtoo..., se:cdpVersion: 138.0.7204.184, setWindowRect: true, strictFileInteractability: false, timeouts: {implicit: 0, pageLoad: 300000, script: 30000}, unhandledPromptBehavior: dismiss and notify, webauthn:extension:credBlob: true, webauthn:extension:largeBlob: true, webauthn:extension:minPinLength: true, webauthn:extension:prf: true, webauthn:virtualAuthenticators: true}&#10;Element: [[ChromeDriver: chrome on mac (6e1c36688de0d6a3235dc9cc07f7f2b6)] -&gt; xpath: //a[@class=&apos;clickable qa-show-sidetray-account sidetray-account&apos;]]&#10;Session ID: 6e1c36688de0d6a3235dc9cc07f7f2b6" type="org.openqa.selenium.ElementClickInterceptedException"><![CDATA[org.openqa.selenium.ElementClickInterceptedException: 
element click intercepted: Element <a href="#" class="clickable qa-show-sidetray-account sidetray-account" tabindex="0">...</a> is not clickable at point (1556, 93). Other element would receive the click: <div class="bloomreach-weblayer"></div>
  (Session info: chrome=138.0.7204.184)
Build info: version: '4.27.0', revision: 'd6e718d134'
System info: os.name: 'Mac OS X', os.arch: 'aarch64', os.version: '15.5', java.version: '24.0.2'
Driver info: org.openqa.selenium.chrome.ChromeDriver
Command: [6e1c36688de0d6a3235dc9cc07f7f2b6, clickElement {id=f.835185B54D0A0B7FC0106C79047A2557.d.C5A1D8373384C1AAD543AD2D0322E109.e.84}]
Capabilities {acceptInsecureCerts: false, browserName: chrome, browserVersion: 138.0.7204.184, chrome: {chromedriverVersion: 138.0.7204.183 (e90faf484dd..., userDataDir: /var/folders/nx/g7zx87j545j...}, fedcm:accounts: true, goog:chromeOptions: {debuggerAddress: localhost:57656}, networkConnectionEnabled: false, pageLoadStrategy: normal, platformName: mac, proxy: Proxy(), se:cdp: ws://localhost:57656/devtoo..., se:cdpVersion: 138.0.7204.184, setWindowRect: true, strictFileInteractability: false, timeouts: {implicit: 0, pageLoad: 300000, script: 30000}, unhandledPromptBehavior: dismiss and notify, webauthn:extension:credBlob: true, webauthn:extension:largeBlob: true, webauthn:extension:minPinLength: true, webauthn:extension:prf: true, webauthn:virtualAuthenticators: true}
Element: [[ChromeDriver: chrome on mac (6e1c36688de0d6a3235dc9cc07f7f2b6)] -> xpath: //a[@class='clickable qa-show-sidetray-account sidetray-account']]
Session ID: 6e1c36688de0d6a3235dc9cc07f7f2b6
	at java.base/jdk.internal.reflect.DirectConstructorHandleAccessor.newInstance(DirectConstructorHandleAccessor.java:62)
	at java.base/java.lang.reflect.Constructor.newInstanceWithCaller(Constructor.java:499)
	at java.base/java.lang.reflect.Constructor.newInstance(Constructor.java:483)
	at org.openqa.selenium.remote.ErrorCodec.decode(ErrorCodec.java:167)
	at org.openqa.selenium.remote.codec.w3c.W3CHttpResponseCodec.decode(W3CHttpResponseCodec.java:138)
	at org.openqa.selenium.remote.codec.w3c.W3CHttpResponseCodec.decode(W3CHttpResponseCodec.java:50)
	at org.openqa.selenium.remote.HttpCommandExecutor.execute(HttpCommandExecutor.java:190)
	at org.openqa.selenium.remote.service.DriverCommandExecutor.invokeExecute(DriverCommandExecutor.java:216)
	at org.openqa.selenium.remote.service.DriverCommandExecutor.execute(DriverCommandExecutor.java:174)
	at org.openqa.selenium.remote.RemoteWebDriver.execute(RemoteWebDriver.java:545)
	at org.openqa.selenium.remote.RemoteWebElement.execute(RemoteWebElement.java:223)
	at org.openqa.selenium.remote.RemoteWebElement.click(RemoteWebElement.java:76)
	at CreateAccount.CreateAccountSteps.CreateAccount(CreateAccountSteps.java:22)
	at Scenario.ScenarioContextTest.testScenarioAccountCreation(ScenarioContextTest.java:44)
	at ✽.User creates and logs in with a new account(file:///Users/luisnavarro/Library/CloudStorage/OneDrive-InstitutoSuperiorAutonomodeOccidenteA.C/DOCS_GRID/SELENIUM/SeleniumPageFactory/src/test/resources/features/ecommerce_test.feature:31)
]]></error>
    <system-out><![CDATA[
@allure.story:CreateAccountAndLogIn @CreateAccountAndLogIn
Scenario: Create a new account and then log in with the new account # src/test/resources/features/ecommerce_test.feature:27
Webdriver initialized
WebDriver successfully initialized: CHROME
  Given User access the main page                                   # Scenario.BaseTest.setUp()
  When User accepts the cookies                                     # BaseConfigElements.BaseSteps.acceptCookies()
No aparecio publicidad para cerrar
  And User closes publicity modal                                   # BaseConfigElements.BaseSteps.closeModal()
Webdriver initialized
WebDriver successfully initialized: CHROME
No aparecio publicidad para cerrar
  And User creates and logs in with a new account                   # Scenario.ScenarioContextTest.testScenarioAccountCreation()
      org.openqa.selenium.ElementClickInterceptedException: element click intercepted: Element <a href="#" class="clickable qa-show-sidetray-account sidetray-account" tabindex="0">...</a> is not clickable at point (1556, 93). Other element would receive the click: <div class="bloomreach-weblayer"></div>
  (Session info: chrome=138.0.7204.184)
Build info: version: '4.27.0', revision: 'd6e718d134'
System info: os.name: 'Mac OS X', os.arch: 'aarch64', os.version: '15.5', java.version: '24.0.2'
Driver info: org.openqa.selenium.chrome.ChromeDriver
Command: [6e1c36688de0d6a3235dc9cc07f7f2b6, clickElement {id=f.835185B54D0A0B7FC0106C79047A2557.d.C5A1D8373384C1AAD543AD2D0322E109.e.84}]
Capabilities {acceptInsecureCerts: false, browserName: chrome, browserVersion: 138.0.7204.184, chrome: {chromedriverVersion: 138.0.7204.183 (e90faf484dd..., userDataDir: /var/folders/nx/g7zx87j545j...}, fedcm:accounts: true, goog:chromeOptions: {debuggerAddress: localhost:57656}, networkConnectionEnabled: false, pageLoadStrategy: normal, platformName: mac, proxy: Proxy(), se:cdp: ws://localhost:57656/devtoo..., se:cdpVersion: 138.0.7204.184, setWindowRect: true, strictFileInteractability: false, timeouts: {implicit: 0, pageLoad: 300000, script: 30000}, unhandledPromptBehavior: dismiss and notify, webauthn:extension:credBlob: true, webauthn:extension:largeBlob: true, webauthn:extension:minPinLength: true, webauthn:extension:prf: true, webauthn:virtualAuthenticators: true}
Element: [[ChromeDriver: chrome on mac (6e1c36688de0d6a3235dc9cc07f7f2b6)] -> xpath: //a[@class='clickable qa-show-sidetray-account sidetray-account']]
Session ID: 6e1c36688de0d6a3235dc9cc07f7f2b6
	at java.base/jdk.internal.reflect.DirectConstructorHandleAccessor.newInstance(DirectConstructorHandleAccessor.java:62)
	at java.base/java.lang.reflect.Constructor.newInstanceWithCaller(Constructor.java:499)
	at java.base/java.lang.reflect.Constructor.newInstance(Constructor.java:483)
	at org.openqa.selenium.remote.ErrorCodec.decode(ErrorCodec.java:167)
	at org.openqa.selenium.remote.codec.w3c.W3CHttpResponseCodec.decode(W3CHttpResponseCodec.java:138)
	at org.openqa.selenium.remote.codec.w3c.W3CHttpResponseCodec.decode(W3CHttpResponseCodec.java:50)
	at org.openqa.selenium.remote.HttpCommandExecutor.execute(HttpCommandExecutor.java:190)
	at org.openqa.selenium.remote.service.DriverCommandExecutor.invokeExecute(DriverCommandExecutor.java:216)
	at org.openqa.selenium.remote.service.DriverCommandExecutor.execute(DriverCommandExecutor.java:174)
	at org.openqa.selenium.remote.RemoteWebDriver.execute(RemoteWebDriver.java:545)
	at org.openqa.selenium.remote.RemoteWebElement.execute(RemoteWebElement.java:223)
	at org.openqa.selenium.remote.RemoteWebElement.click(RemoteWebElement.java:76)
	at CreateAccount.CreateAccountSteps.CreateAccount(CreateAccountSteps.java:22)
	at Scenario.ScenarioContextTest.testScenarioAccountCreation(ScenarioContextTest.java:44)
	at ✽.User creates and logs in with a new account(file:///Users/luisnavarro/Library/CloudStorage/OneDrive-InstitutoSuperiorAutonomodeOccidenteA.C/DOCS_GRID/SELENIUM/SeleniumPageFactory/src/test/resources/features/ecommerce_test.feature:31)

  Then User closes browser                                          # Scenario.BaseTest.tearDown()
]]></system-out>
    <system-err><![CDATA[[main] INFO io.github.bonigarcia.wdm.WebDriverManager - Using chromedriver 138.0.7204.183 (resolved driver for Chrome 138)
[main] INFO io.github.bonigarcia.wdm.WebDriverManager - Exporting webdriver.chrome.driver as /Users/luisnavarro/.cache/selenium/chromedriver/mac-arm64/138.0.7204.183/chromedriver
Aug 05, 2025 2:29:55 PM org.openqa.selenium.devtools.CdpVersionFinder findNearestMatch
WARNING: Unable to find CDP implementation matching 138
Aug 05, 2025 2:29:55 PM org.openqa.selenium.chromium.ChromiumDriver lambda$new$5
WARNING: Unable to find version of CDP to use for 138.0.7204.184. You may need to include a dependency on a specific version of the CDP using something similar to `org.seleniumhq.selenium:selenium-devtools-v86:4.27.0` where the version ("v86") matches the version of the chromium-based browser you're using and the version number of the artifact is the same as Selenium's.
[main] INFO io.github.bonigarcia.wdm.WebDriverManager - Using chromedriver 138.0.7204.183 (resolved driver for Chrome 138)
[main] INFO io.github.bonigarcia.wdm.WebDriverManager - Exporting webdriver.chrome.driver as /Users/luisnavarro/.cache/selenium/chromedriver/mac-arm64/138.0.7204.183/chromedriver
Aug 05, 2025 2:30:02 PM org.openqa.selenium.devtools.CdpVersionFinder findNearestMatch
WARNING: Unable to find CDP implementation matching 138
Aug 05, 2025 2:30:02 PM org.openqa.selenium.chromium.ChromiumDriver lambda$new$5
WARNING: Unable to find version of CDP to use for 138.0.7204.184. You may need to include a dependency on a specific version of the CDP using something similar to `org.seleniumhq.selenium:selenium-devtools-v86:4.27.0` where the version ("v86") matches the version of the chromium-based browser you're using and the version number of the artifact is the same as Selenium's.
]]></system-err>
  </testcase>
  <testcase name="Open the page and search for a specific product, collect all the results obtained and prices" classname="Testing of login, user account creation and web scrapping of product research" time="14.082">
    <system-out><![CDATA[
@allure.story:SearchProduct @SearchProduct
Scenario: Open the page and search for a specific product, collect all the results obtained and prices # src/test/resources/features/ecommerce_test.feature:37
Webdriver initialized
WebDriver successfully initialized: CHROME
  Given User access the main page                                                                      # Scenario.BaseTest.setUp()
  When User accepts the cookies                                                                        # BaseConfigElements.BaseSteps.acceptCookies()
No aparecio publicidad para cerrar
  And User closes publicity modal                                                                      # BaseConfigElements.BaseSteps.closeModal()
Se encontraron 60 productos.
Se encontraron 60 productos:
AE Studded Luxe Platform Clog - $44.95
AE Strappy Espadrille Sandal - $44.95
AE Luxe Platform Clog - $39.95
No se pudo convertir el precio: 
 - 
No se pudo convertir el precio: 
 - 
No se pudo convertir el precio: 
 - 
No se pudo convertir el precio: 
 - 
No se pudo convertir el precio: 
 - 
No se pudo convertir el precio: 
 - 
No se pudo convertir el precio: 
 - 
No se pudo convertir el precio: 
 - 
No se pudo convertir el precio: 
 - 
No se pudo convertir el precio: 
 - 
No se pudo convertir el precio: 
 - 
No se pudo convertir el precio: 
 - 
No se pudo convertir el precio: 
 - 
No se pudo convertir el precio: 
 - 
AE Retro Runner Sneaker - $44.95
AE Leopard Mary Jane Flat - $34.95
AE Studded Luxe Platform Clog - $44.95
New Balance 530 Sneaker - $99.99
Converse Chuck Taylor All Star Low-Top Sneaker - $60.00
AE Studded Slide Platform Clog - $49.95
Dr. Martens Zebzag Suede Slingback Mule - $130.00
AE EVA Flip Flop - $9.95
AE Raffia Fisherman Sandal - $39.95
AE Raffia Buckle Slide Sandal - $34.95
Converse Chuck Taylor All Star Platform Lift High-Top Sneaker - $75.00
AE Retro Runner Sneaker - $44.95
AE Bow Lace-Up Kitten Heels - $39.95
AE Studded Buckle Clog - $39.95
AE Vegan Leather Chelsea Boot - $59.95
AE Square Toe Mule - $39.95
Birkenstock Women's Arizona Sandal - $117.95
AE Double Buckle Slide Sandal - $44.95
Birkenstock Women's Arizona EVA Sandal - $49.95
AE Studded Double Buckle Sandal - $44.95
AE Western Ankle Strap Sandal - $34.95
AE Strappy Espadrille Sandal - $44.95
New Balance Women's 9060 Sneaker - $149.99
AE Mesh Lace-Up Espadrille - $39.95
AE Faux Suede Retro Sneaker - $44.95
AE Slouchy Cowboy Boot - $59.95
AE Moto Bootie - $59.95
AE Spooky Bow Scuff Slipper - $39.95
Birkenstock Women's Arizona Sandal - $117.95
AE Snoopy Pumpkin Scuff Slipper - $39.95
AE Strappy Raffia Sandal - $39.95
AE Ankle Strap Espadrille Sandal - $34.95
Birkenstock Women's Arizona Sandal - $150.00
Gola Badminton Sneaker - $80.00
New Balance Women's 327 Sneaker - $99.99
New Balance 550 Sneaker - $109.99
Birkenstock Women's Mayari Sandal - $112.95
AE Woven Twist Side Sandal - $39.95
New Balance 574 Sneaker - $89.99
AE Leopard Mesh Ballet Flat - $34.95
AE Flatform Gladiator Espadrille Sandal - $39.95
Aerie Crochet Ballet Flats - $39.95
Birkenstock Women's Arizona EVA Sandal - $49.95

Resumen:
Total de productos encontrados: 60
Suma total de precios: $2792.15
  And User search and looks for the product models and prices of "Shoes"                               # SearchProducts.SearchProductSteps.searchProduct(java.lang.String)
Browser closed.
  Then User closes browser                                                                             # Scenario.BaseTest.tearDown()
]]></system-out>
    <system-err><![CDATA[[main] INFO io.github.bonigarcia.wdm.WebDriverManager - Using chromedriver 138.0.7204.183 (resolved driver for Chrome 138)
[main] INFO io.github.bonigarcia.wdm.WebDriverManager - Exporting webdriver.chrome.driver as /Users/luisnavarro/.cache/selenium/chromedriver/mac-arm64/138.0.7204.183/chromedriver
Aug 05, 2025 2:30:12 PM org.openqa.selenium.devtools.CdpVersionFinder findNearestMatch
WARNING: Unable to find CDP implementation matching 138
Aug 05, 2025 2:30:12 PM org.openqa.selenium.chromium.ChromiumDriver lambda$new$5
WARNING: Unable to find version of CDP to use for 138.0.7204.184. You may need to include a dependency on a specific version of the CDP using something similar to `org.seleniumhq.selenium:selenium-devtools-v86:4.27.0` where the version ("v86") matches the version of the chromium-based browser you're using and the version number of the artifact is the same as Selenium's.
]]></system-err>
  </testcase>
  <testcase name="Verify main page functionality" classname="Testing of login, user account creation and web scrapping of product research" time="6.928">
    <error message="element click intercepted: Element &lt;a href=&quot;#&quot; class=&quot;clickable qa-show-sidetray-account sidetray-account&quot; tabindex=&quot;0&quot;&gt;...&lt;/a&gt; is not clickable at point (1556, 93). Other element would receive the click: &lt;div class=&quot;bloomreach-weblayer&quot;&gt;&lt;/div&gt;&#10;  (Session info: chrome=138.0.7204.184)&#10;Build info: version: &apos;4.27.0&apos;, revision: &apos;d6e718d134&apos;&#10;System info: os.name: &apos;Mac OS X&apos;, os.arch: &apos;aarch64&apos;, os.version: &apos;15.5&apos;, java.version: &apos;24.0.2&apos;&#10;Driver info: org.openqa.selenium.chrome.ChromeDriver&#10;Command: [e15c54204dab02a0b8c83bbb275b1fb1, clickElement {id=f.2AB4DC6B2671192AD98D9E217FBB0BB8.d.95912CB81F7BD7CA45048E8396023A49.e.84}]&#10;Capabilities {acceptInsecureCerts: false, browserName: chrome, browserVersion: 138.0.7204.184, chrome: {chromedriverVersion: 138.0.7204.183 (e90faf484dd..., userDataDir: /var/folders/nx/g7zx87j545j...}, fedcm:accounts: true, goog:chromeOptions: {debuggerAddress: localhost:57910}, networkConnectionEnabled: false, pageLoadStrategy: normal, platformName: mac, proxy: Proxy(), se:cdp: ws://localhost:57910/devtoo..., se:cdpVersion: 138.0.7204.184, setWindowRect: true, strictFileInteractability: false, timeouts: {implicit: 0, pageLoad: 300000, script: 30000}, unhandledPromptBehavior: dismiss and notify, webauthn:extension:credBlob: true, webauthn:extension:largeBlob: true, webauthn:extension:minPinLength: true, webauthn:extension:prf: true, webauthn:virtualAuthenticators: true}&#10;Element: [[ChromeDriver: chrome on mac (e15c54204dab02a0b8c83bbb275b1fb1)] -&gt; xpath: //a[@class =&apos;clickable qa-show-sidetray-account sidetray-account&apos;]]&#10;Session ID: e15c54204dab02a0b8c83bbb275b1fb1" type="org.openqa.selenium.ElementClickInterceptedException"><![CDATA[org.openqa.selenium.ElementClickInterceptedException: 
element click intercepted: Element <a href="#" class="clickable qa-show-sidetray-account sidetray-account" tabindex="0">...</a> is not clickable at point (1556, 93). Other element would receive the click: <div class="bloomreach-weblayer"></div>
  (Session info: chrome=138.0.7204.184)
Build info: version: '4.27.0', revision: 'd6e718d134'
System info: os.name: 'Mac OS X', os.arch: 'aarch64', os.version: '15.5', java.version: '24.0.2'
Driver info: org.openqa.selenium.chrome.ChromeDriver
Command: [e15c54204dab02a0b8c83bbb275b1fb1, clickElement {id=f.2AB4DC6B2671192AD98D9E217FBB0BB8.d.95912CB81F7BD7CA45048E8396023A49.e.84}]
Capabilities {acceptInsecureCerts: false, browserName: chrome, browserVersion: 138.0.7204.184, chrome: {chromedriverVersion: 138.0.7204.183 (e90faf484dd..., userDataDir: /var/folders/nx/g7zx87j545j...}, fedcm:accounts: true, goog:chromeOptions: {debuggerAddress: localhost:57910}, networkConnectionEnabled: false, pageLoadStrategy: normal, platformName: mac, proxy: Proxy(), se:cdp: ws://localhost:57910/devtoo..., se:cdpVersion: 138.0.7204.184, setWindowRect: true, strictFileInteractability: false, timeouts: {implicit: 0, pageLoad: 300000, script: 30000}, unhandledPromptBehavior: dismiss and notify, webauthn:extension:credBlob: true, webauthn:extension:largeBlob: true, webauthn:extension:minPinLength: true, webauthn:extension:prf: true, webauthn:virtualAuthenticators: true}
Element: [[ChromeDriver: chrome on mac (e15c54204dab02a0b8c83bbb275b1fb1)] -> xpath: //a[@class ='clickable qa-show-sidetray-account sidetray-account']]
Session ID: e15c54204dab02a0b8c83bbb275b1fb1
	at java.base/jdk.internal.reflect.DirectConstructorHandleAccessor.newInstance(DirectConstructorHandleAccessor.java:62)
	at java.base/java.lang.reflect.Constructor.newInstanceWithCaller(Constructor.java:499)
	at java.base/java.lang.reflect.Constructor.newInstance(Constructor.java:483)
	at org.openqa.selenium.remote.ErrorCodec.decode(ErrorCodec.java:167)
	at org.openqa.selenium.remote.codec.w3c.W3CHttpResponseCodec.decode(W3CHttpResponseCodec.java:138)
	at org.openqa.selenium.remote.codec.w3c.W3CHttpResponseCodec.decode(W3CHttpResponseCodec.java:50)
	at org.openqa.selenium.remote.HttpCommandExecutor.execute(HttpCommandExecutor.java:190)
	at org.openqa.selenium.remote.service.DriverCommandExecutor.invokeExecute(DriverCommandExecutor.java:216)
	at org.openqa.selenium.remote.service.DriverCommandExecutor.execute(DriverCommandExecutor.java:174)
	at org.openqa.selenium.remote.RemoteWebDriver.execute(RemoteWebDriver.java:545)
	at org.openqa.selenium.remote.RemoteWebElement.execute(RemoteWebElement.java:223)
	at org.openqa.selenium.remote.RemoteWebElement.click(RemoteWebElement.java:76)
	at HomePage.HomePageSteps.clickOnUsername(HomePageSteps.java:18)
	at ✽.User verifies user icon(file:///Users/luisnavarro/Library/CloudStorage/OneDrive-InstitutoSuperiorAutonomodeOccidenteA.C/DOCS_GRID/SELENIUM/SeleniumPageFactory/src/test/resources/features/ecommerce_test.feature:50)
]]></error>
    <system-out><![CDATA[
@allure.story:TestHomepage @TestHomepage
Scenario: Verify main page functionality # src/test/resources/features/ecommerce_test.feature:47
Webdriver initialized
WebDriver successfully initialized: CHROME
  Given User access the main page        # Scenario.BaseTest.setUp()
  When User accepts the cookies          # BaseConfigElements.BaseSteps.acceptCookies()
  And User verifies user icon            # HomePage.HomePageSteps.clickOnUsername()
      org.openqa.selenium.ElementClickInterceptedException: element click intercepted: Element <a href="#" class="clickable qa-show-sidetray-account sidetray-account" tabindex="0">...</a> is not clickable at point (1556, 93). Other element would receive the click: <div class="bloomreach-weblayer"></div>
  (Session info: chrome=138.0.7204.184)
Build info: version: '4.27.0', revision: 'd6e718d134'
System info: os.name: 'Mac OS X', os.arch: 'aarch64', os.version: '15.5', java.version: '24.0.2'
Driver info: org.openqa.selenium.chrome.ChromeDriver
Command: [e15c54204dab02a0b8c83bbb275b1fb1, clickElement {id=f.2AB4DC6B2671192AD98D9E217FBB0BB8.d.95912CB81F7BD7CA45048E8396023A49.e.84}]
Capabilities {acceptInsecureCerts: false, browserName: chrome, browserVersion: 138.0.7204.184, chrome: {chromedriverVersion: 138.0.7204.183 (e90faf484dd..., userDataDir: /var/folders/nx/g7zx87j545j...}, fedcm:accounts: true, goog:chromeOptions: {debuggerAddress: localhost:57910}, networkConnectionEnabled: false, pageLoadStrategy: normal, platformName: mac, proxy: Proxy(), se:cdp: ws://localhost:57910/devtoo..., se:cdpVersion: 138.0.7204.184, setWindowRect: true, strictFileInteractability: false, timeouts: {implicit: 0, pageLoad: 300000, script: 30000}, unhandledPromptBehavior: dismiss and notify, webauthn:extension:credBlob: true, webauthn:extension:largeBlob: true, webauthn:extension:minPinLength: true, webauthn:extension:prf: true, webauthn:virtualAuthenticators: true}
Element: [[ChromeDriver: chrome on mac (e15c54204dab02a0b8c83bbb275b1fb1)] -> xpath: //a[@class ='clickable qa-show-sidetray-account sidetray-account']]
Session ID: e15c54204dab02a0b8c83bbb275b1fb1
	at java.base/jdk.internal.reflect.DirectConstructorHandleAccessor.newInstance(DirectConstructorHandleAccessor.java:62)
	at java.base/java.lang.reflect.Constructor.newInstanceWithCaller(Constructor.java:499)
	at java.base/java.lang.reflect.Constructor.newInstance(Constructor.java:483)
	at org.openqa.selenium.remote.ErrorCodec.decode(ErrorCodec.java:167)
	at org.openqa.selenium.remote.codec.w3c.W3CHttpResponseCodec.decode(W3CHttpResponseCodec.java:138)
	at org.openqa.selenium.remote.codec.w3c.W3CHttpResponseCodec.decode(W3CHttpResponseCodec.java:50)
	at org.openqa.selenium.remote.HttpCommandExecutor.execute(HttpCommandExecutor.java:190)
	at org.openqa.selenium.remote.service.DriverCommandExecutor.invokeExecute(DriverCommandExecutor.java:216)
	at org.openqa.selenium.remote.service.DriverCommandExecutor.execute(DriverCommandExecutor.java:174)
	at org.openqa.selenium.remote.RemoteWebDriver.execute(RemoteWebDriver.java:545)
	at org.openqa.selenium.remote.RemoteWebElement.execute(RemoteWebElement.java:223)
	at org.openqa.selenium.remote.RemoteWebElement.click(RemoteWebElement.java:76)
	at HomePage.HomePageSteps.clickOnUsername(HomePageSteps.java:18)
	at ✽.User verifies user icon(file:///Users/luisnavarro/Library/CloudStorage/OneDrive-InstitutoSuperiorAutonomodeOccidenteA.C/DOCS_GRID/SELENIUM/SeleniumPageFactory/src/test/resources/features/ecommerce_test.feature:50)

  Then User closes browser               # Scenario.BaseTest.tearDown()
]]></system-out>
    <system-err><![CDATA[[main] INFO io.github.bonigarcia.wdm.WebDriverManager - Using chromedriver 138.0.7204.183 (resolved driver for Chrome 138)
[main] INFO io.github.bonigarcia.wdm.WebDriverManager - Exporting webdriver.chrome.driver as /Users/luisnavarro/.cache/selenium/chromedriver/mac-arm64/138.0.7204.183/chromedriver
Aug 05, 2025 2:30:26 PM org.openqa.selenium.devtools.CdpVersionFinder findNearestMatch
WARNING: Unable to find CDP implementation matching 138
Aug 05, 2025 2:30:26 PM org.openqa.selenium.chromium.ChromiumDriver lambda$new$5
WARNING: Unable to find version of CDP to use for 138.0.7204.184. You may need to include a dependency on a specific version of the CDP using something similar to `org.seleniumhq.selenium:selenium-devtools-v86:4.27.0` where the version ("v86") matches the version of the chromium-based browser you're using and the version number of the artifact is the same as Selenium's.
]]></system-err>
  </testcase>
</testsuite>