[{"line":2,"elements":[{"start_timestamp":"2025-08-05T20:29:36.280Z","line":7,"name":"Create an account with a random generated email and accept terms","description":"","id":"testing-of-login--user-account-creation-and-web-scrapping-of-product-research;create-an-account-with-a-random-generated-email-and-accept-terms","type":"scenario","keyword":"Scenario","steps":[{"result":{"duration":4345331000,"status":"passed"},"line":8,"name":"User access the main page","match":{"location":"Scenario.BaseTest.setUp()"},"keyword":"Given "},{"result":{"duration":2183246000,"status":"passed"},"line":9,"name":"User accepts the cookies","match":{"location":"BaseConfigElements.BaseSteps.acceptCookies()"},"keyword":"When "},{"result":{"duration":2041749000,"status":"passed"},"line":10,"name":"User closes publicity modal","match":{"location":"BaseConfigElements.BaseSteps.closeModal()"},"keyword":"And "},{"result":{"error_message":"io.cucumber.core.exception.CucumberException: Step [User creates an account] is defined with 2 parameters at 'CreateAccount.CreateAccountSteps.CreateAccount(java.lang.String,java.lang.String)'.\nHowever, the gherkin step has 0 arguments.\nStep text: User creates an account\n\tat io.cucumber.core.runner.PickleStepDefinitionMatch.arityMismatch(PickleStepDefinitionMatch.java:82)\n\tat io.cucumber.core.runner.PickleStepDefinitionMatch.runStep(PickleStepDefinitionMatch.java:41)\n\tat io.cucumber.core.runner.ExecutionMode$1.execute(ExecutionMode.java:10)\n\tat io.cucumber.core.runner.TestStep.executeStep(TestStep.java:81)\n\tat io.cucumber.core.runner.TestStep.run(TestStep.java:53)\n\tat io.cucumber.core.runner.PickleStepTestStep.run(PickleStepTestStep.java:51)\n\tat io.cucumber.core.runner.TestCase.run(TestCase.java:84)\n\tat io.cucumber.core.runner.Runner.runPickle(Runner.java:75)\n\tat io.cucumber.junit.PickleRunners$NoStepDescriptions.lambda$run$0(PickleRunners.java:151)\n\tat io.cucumber.core.runtime.CucumberExecutionContext.lambda$runTestCase$5(CucumberExecutionContext.java:136)\n\tat io.cucumber.core.runtime.RethrowingThrowableCollector.executeAndThrow(RethrowingThrowableCollector.java:23)\n\tat io.cucumber.core.runtime.CucumberExecutionContext.runTestCase(CucumberExecutionContext.java:136)\n\tat io.cucumber.junit.PickleRunners$NoStepDescriptions.run(PickleRunners.java:148)\n\tat io.cucumber.junit.FeatureRunner.runChild(FeatureRunner.java:144)\n\tat io.cucumber.junit.FeatureRunner.runChild(FeatureRunner.java:28)\n\tat org.junit.runners.ParentRunner$4.run(ParentRunner.java:331)\n\tat org.junit.runners.ParentRunner$1.schedule(ParentRunner.java:79)\n\tat org.junit.runners.ParentRunner.runChildren(ParentRunner.java:329)\n\tat org.junit.runners.ParentRunner.access$100(ParentRunner.java:66)\n\tat org.junit.runners.ParentRunner$2.evaluate(ParentRunner.java:293)\n\tat org.junit.runners.ParentRunner$3.evaluate(ParentRunner.java:306)\n\tat org.junit.runners.ParentRunner.run(ParentRunner.java:413)\n\tat io.cucumber.junit.FeatureRunner.run(FeatureRunner.java:137)\n\tat io.cucumber.junit.Cucumber.runChild(Cucumber.java:199)\n\tat io.cucumber.junit.Cucumber.runChild(Cucumber.java:89)\n\tat org.junit.runners.ParentRunner$4.run(ParentRunner.java:331)\n\tat org.junit.runners.ParentRunner$1.schedule(ParentRunner.java:79)\n\tat org.junit.runners.ParentRunner.runChildren(ParentRunner.java:329)\n\tat org.junit.runners.ParentRunner.access$100(ParentRunner.java:66)\n\tat org.junit.runners.ParentRunner$2.evaluate(ParentRunner.java:293)\n\tat io.cucumber.core.runtime.CucumberExecutionContext.lambda$runFeatures$6(CucumberExecutionContext.java:147)\n\tat io.cucumber.core.runtime.CucumberExecutionContext.execute(CucumberExecutionContext.java:162)\n\tat io.cucumber.core.runtime.CucumberExecutionContext.runFeatures(CucumberExecutionContext.java:145)\n\tat io.cucumber.junit.Cucumber$StartAndFinishTestRun.evaluate(Cucumber.java:229)\n\tat org.junit.runners.ParentRunner$3.evaluate(ParentRunner.java:306)\n\tat org.junit.runners.ParentRunner.run(ParentRunner.java:413)\n\tat org.apache.maven.surefire.junit4.JUnit4Provider.execute(JUnit4Provider.java:316)\n\tat org.apache.maven.surefire.junit4.JUnit4Provider.executeWithRerun(JUnit4Provider.java:240)\n\tat org.apache.maven.surefire.junit4.JUnit4Provider.executeTestSet(JUnit4Provider.java:214)\n\tat org.apache.maven.surefire.junit4.JUnit4Provider.invoke(JUnit4Provider.java:155)\n\tat org.apache.maven.surefire.booter.ForkedBooter.runSuitesInProcess(ForkedBooter.java:385)\n\tat org.apache.maven.surefire.booter.ForkedBooter.execute(ForkedBooter.java:162)\n\tat org.apache.maven.surefire.booter.ForkedBooter.run(ForkedBooter.java:507)\n\tat org.apache.maven.surefire.booter.ForkedBooter.main(ForkedBooter.java:495)\n","duration":2346000,"status":"failed"},"line":11,"name":"User creates an account","match":{"location":"CreateAccount.CreateAccountSteps.CreateAccount(java.lang.String,java.lang.String)"},"keyword":"And "},{"result":{"duration":72000,"status":"skipped"},"line":12,"name":"User closes browser","match":{"location":"Scenario.BaseTest.tearDown()"},"keyword":"Then "}],"tags":[{"name":"@allure.story:CreateAccount"},{"name":"@CreateAccount"}]},{"start_timestamp":"2025-08-05T20:29:44.922Z","line":17,"name":"Log as a registered user and verify if user have access","description":"","id":"testing-of-login--user-account-creation-and-web-scrapping-of-product-research;log-as-a-registered-user-and-verify-if-user-have-access","type":"scenario","keyword":"Scenario","steps":[{"result":{"duration":4704418000,"status":"passed"},"line":18,"name":"User access the main page","match":{"location":"Scenario.BaseTest.setUp()"},"keyword":"Given "},{"result":{"duration":2058425000,"status":"passed"},"line":19,"name":"User accepts the cookies","match":{"location":"BaseConfigElements.BaseSteps.acceptCookies()"},"keyword":"When "},{"result":{"duration":2053457000,"status":"passed"},"line":20,"name":"User closes publicity modal","match":{"location":"BaseConfigElements.BaseSteps.closeModal()"},"keyword":"And "},{"result":{"error_message":"org.openqa.selenium.ElementClickInterceptedException: element click intercepted: Element <a href=\"#\" class=\"clickable qa-show-sidetray-account sidetray-account\" tabindex=\"0\">...</a> is not clickable at point (1549, 93). Other element would receive the click: <div class=\"bloomreach-weblayer\"></div>\n  (Session info: chrome=138.0.7204.184)\nBuild info: version: '4.27.0', revision: 'd6e718d134'\nSystem info: os.name: 'Mac OS X', os.arch: 'aarch64', os.version: '15.5', java.version: '24.0.2'\nDriver info: org.openqa.selenium.chrome.ChromeDriver\nCommand: [daead3865b5ace971205ab01cb720fc3, clickElement {id=f.D2283A0B97168AA9135D26236236BB1A.d.8A4D224670F7F086BB889FEE671D7558.e.84}]\nCapabilities {acceptInsecureCerts: false, browserName: chrome, browserVersion: 138.0.7204.184, chrome: {chromedriverVersion: 138.0.7204.183 (e90faf484dd..., userDataDir: /var/folders/nx/g7zx87j545j...}, fedcm:accounts: true, goog:chromeOptions: {debuggerAddress: localhost:57437}, networkConnectionEnabled: false, pageLoadStrategy: normal, platformName: mac, proxy: Proxy(), se:cdp: ws://localhost:57437/devtoo..., se:cdpVersion: 138.0.7204.184, setWindowRect: true, strictFileInteractability: false, timeouts: {implicit: 0, pageLoad: 300000, script: 30000}, unhandledPromptBehavior: dismiss and notify, webauthn:extension:credBlob: true, webauthn:extension:largeBlob: true, webauthn:extension:minPinLength: true, webauthn:extension:prf: true, webauthn:virtualAuthenticators: true}\nElement: [[ChromeDriver: chrome on mac (daead3865b5ace971205ab01cb720fc3)] -> xpath: //a[@class='clickable qa-show-sidetray-account sidetray-account']]\nSession ID: daead3865b5ace971205ab01cb720fc3\n\tat java.base/jdk.internal.reflect.DirectConstructorHandleAccessor.newInstance(DirectConstructorHandleAccessor.java:62)\n\tat java.base/java.lang.reflect.Constructor.newInstanceWithCaller(Constructor.java:499)\n\tat java.base/java.lang.reflect.Constructor.newInstance(Constructor.java:483)\n\tat org.openqa.selenium.remote.ErrorCodec.decode(ErrorCodec.java:167)\n\tat org.openqa.selenium.remote.codec.w3c.W3CHttpResponseCodec.decode(W3CHttpResponseCodec.java:138)\n\tat org.openqa.selenium.remote.codec.w3c.W3CHttpResponseCodec.decode(W3CHttpResponseCodec.java:50)\n\tat org.openqa.selenium.remote.HttpCommandExecutor.execute(HttpCommandExecutor.java:190)\n\tat org.openqa.selenium.remote.service.DriverCommandExecutor.invokeExecute(DriverCommandExecutor.java:216)\n\tat org.openqa.selenium.remote.service.DriverCommandExecutor.execute(DriverCommandExecutor.java:174)\n\tat org.openqa.selenium.remote.RemoteWebDriver.execute(RemoteWebDriver.java:545)\n\tat org.openqa.selenium.remote.RemoteWebElement.execute(RemoteWebElement.java:223)\n\tat org.openqa.selenium.remote.RemoteWebElement.click(RemoteWebElement.java:76)\n\tat Login.LoginSteps.LogCredentials(LoginSteps.java:20)\n\tat ✽.User enters and logs credentials with email: \"xluismariox@gmail.com\" and password: \"test121@\"(file:///Users/luisnavarro/Library/CloudStorage/OneDrive-InstitutoSuperiorAutonomodeOccidenteA.C/DOCS_GRID/SELENIUM/SeleniumPageFactory/src/test/resources/features/ecommerce_test.feature:21)\n","duration":1060782000,"status":"failed"},"line":21,"name":"User enters and logs credentials with email: \"xluismariox@gmail.com\" and password: \"test121@\"","match":{"arguments":[{"val":"\"xluismariox@gmail.com\"","offset":45},{"val":"\"test121@\"","offset":83}],"location":"Login.LoginSteps.LogCredentials(java.lang.String,java.lang.String)"},"keyword":"And "},{"result":{"duration":90000,"status":"skipped"},"line":22,"name":"User closes browser","match":{"location":"Scenario.BaseTest.tearDown()"},"keyword":"Then "}],"tags":[{"name":"@allure.story:LogIn"},{"name":"@LogIn"}]},{"start_timestamp":"2025-08-05T20:29:54.810Z","line":27,"name":"Create a new account and then log in with the new account","description":"","id":"testing-of-login--user-account-creation-and-web-scrapping-of-product-research;create-a-new-account-and-then-log-in-with-the-new-account","type":"scenario","keyword":"Scenario","steps":[{"result":{"duration":3249848000,"status":"passed"},"line":28,"name":"User access the main page","match":{"location":"Scenario.BaseTest.setUp()"},"keyword":"Given "},{"result":{"duration":2104275000,"status":"passed"},"line":29,"name":"User accepts the cookies","match":{"location":"BaseConfigElements.BaseSteps.acceptCookies()"},"keyword":"When "},{"result":{"duration":2060522000,"status":"passed"},"line":30,"name":"User closes publicity modal","match":{"location":"BaseConfigElements.BaseSteps.closeModal()"},"keyword":"And "},{"result":{"error_message":"org.openqa.selenium.ElementClickInterceptedException: element click intercepted: Element <a href=\"#\" class=\"clickable qa-show-sidetray-account sidetray-account\" tabindex=\"0\">...</a> is not clickable at point (1556, 93). Other element would receive the click: <div class=\"bloomreach-weblayer\"></div>\n  (Session info: chrome=138.0.7204.184)\nBuild info: version: '4.27.0', revision: 'd6e718d134'\nSystem info: os.name: 'Mac OS X', os.arch: 'aarch64', os.version: '15.5', java.version: '24.0.2'\nDriver info: org.openqa.selenium.chrome.ChromeDriver\nCommand: [6e1c36688de0d6a3235dc9cc07f7f2b6, clickElement {id=f.835185B54D0A0B7FC0106C79047A2557.d.C5A1D8373384C1AAD543AD2D0322E109.e.84}]\nCapabilities {acceptInsecureCerts: false, browserName: chrome, browserVersion: 138.0.7204.184, chrome: {chromedriverVersion: 138.0.7204.183 (e90faf484dd..., userDataDir: /var/folders/nx/g7zx87j545j...}, fedcm:accounts: true, goog:chromeOptions: {debuggerAddress: localhost:57656}, networkConnectionEnabled: false, pageLoadStrategy: normal, platformName: mac, proxy: Proxy(), se:cdp: ws://localhost:57656/devtoo..., se:cdpVersion: 138.0.7204.184, setWindowRect: true, strictFileInteractability: false, timeouts: {implicit: 0, pageLoad: 300000, script: 30000}, unhandledPromptBehavior: dismiss and notify, webauthn:extension:credBlob: true, webauthn:extension:largeBlob: true, webauthn:extension:minPinLength: true, webauthn:extension:prf: true, webauthn:virtualAuthenticators: true}\nElement: [[ChromeDriver: chrome on mac (6e1c36688de0d6a3235dc9cc07f7f2b6)] -> xpath: //a[@class='clickable qa-show-sidetray-account sidetray-account']]\nSession ID: 6e1c36688de0d6a3235dc9cc07f7f2b6\n\tat java.base/jdk.internal.reflect.DirectConstructorHandleAccessor.newInstance(DirectConstructorHandleAccessor.java:62)\n\tat java.base/java.lang.reflect.Constructor.newInstanceWithCaller(Constructor.java:499)\n\tat java.base/java.lang.reflect.Constructor.newInstance(Constructor.java:483)\n\tat org.openqa.selenium.remote.ErrorCodec.decode(ErrorCodec.java:167)\n\tat org.openqa.selenium.remote.codec.w3c.W3CHttpResponseCodec.decode(W3CHttpResponseCodec.java:138)\n\tat org.openqa.selenium.remote.codec.w3c.W3CHttpResponseCodec.decode(W3CHttpResponseCodec.java:50)\n\tat org.openqa.selenium.remote.HttpCommandExecutor.execute(HttpCommandExecutor.java:190)\n\tat org.openqa.selenium.remote.service.DriverCommandExecutor.invokeExecute(DriverCommandExecutor.java:216)\n\tat org.openqa.selenium.remote.service.DriverCommandExecutor.execute(DriverCommandExecutor.java:174)\n\tat org.openqa.selenium.remote.RemoteWebDriver.execute(RemoteWebDriver.java:545)\n\tat org.openqa.selenium.remote.RemoteWebElement.execute(RemoteWebElement.java:223)\n\tat org.openqa.selenium.remote.RemoteWebElement.click(RemoteWebElement.java:76)\n\tat CreateAccount.CreateAccountSteps.CreateAccount(CreateAccountSteps.java:22)\n\tat Scenario.ScenarioContextTest.testScenarioAccountCreation(ScenarioContextTest.java:44)\n\tat ✽.User creates and logs in with a new account(file:///Users/luisnavarro/Library/CloudStorage/OneDrive-InstitutoSuperiorAutonomodeOccidenteA.C/DOCS_GRID/SELENIUM/SeleniumPageFactory/src/test/resources/features/ecommerce_test.feature:31)\n","duration":9907320000,"status":"failed"},"line":31,"name":"User creates and logs in with a new account","match":{"location":"Scenario.ScenarioContextTest.testScenarioAccountCreation()"},"keyword":"And "},{"result":{"duration":160000,"status":"skipped"},"line":32,"name":"User closes browser","match":{"location":"Scenario.BaseTest.tearDown()"},"keyword":"Then "}],"tags":[{"name":"@allure.story:CreateAccountAndLogIn"},{"name":"@CreateAccountAndLogIn"}]},{"start_timestamp":"2025-08-05T20:30:12.148Z","line":37,"name":"Open the page and search for a specific product, collect all the results obtained and prices","description":"","id":"testing-of-login--user-account-creation-and-web-scrapping-of-product-research;open-the-page-and-search-for-a-specific-product--collect-all-the-results-obtained-and-prices","type":"scenario","keyword":"Scenario","steps":[{"result":{"duration":5453542000,"status":"passed"},"line":38,"name":"User access the main page","match":{"location":"Scenario.BaseTest.setUp()"},"keyword":"Given "},{"result":{"duration":2077237000,"status":"passed"},"line":39,"name":"User accepts the cookies","match":{"location":"BaseConfigElements.BaseSteps.acceptCookies()"},"keyword":"When "},{"result":{"duration":2067333000,"status":"passed"},"line":40,"name":"User closes publicity modal","match":{"location":"BaseConfigElements.BaseSteps.closeModal()"},"keyword":"And "},{"result":{"duration":4330335000,"status":"passed"},"line":41,"name":"User search and looks for the product models and prices of \"Shoes\"","match":{"arguments":[{"val":"\"Shoes\"","offset":59}],"location":"SearchProducts.SearchProductSteps.searchProduct(java.lang.String)"},"keyword":"And "},{"result":{"duration":136225000,"status":"passed"},"line":42,"name":"User closes browser","match":{"location":"Scenario.BaseTest.tearDown()"},"keyword":"Then "}],"tags":[{"name":"@allure.story:SearchProduct"},{"name":"@SearchProduct"}]},{"start_timestamp":"2025-08-05T20:30:26.229Z","line":47,"name":"Verify main page functionality","description":"","id":"testing-of-login--user-account-creation-and-web-scrapping-of-product-research;verify-main-page-functionality","type":"scenario","keyword":"Scenario","steps":[{"result":{"duration":3780670000,"status":"passed"},"line":48,"name":"User access the main page","match":{"location":"Scenario.BaseTest.setUp()"},"keyword":"Given "},{"result":{"duration":2053245000,"status":"passed"},"line":49,"name":"User accepts the cookies","match":{"location":"BaseConfigElements.BaseSteps.acceptCookies()"},"keyword":"When "},{"result":{"error_message":"org.openqa.selenium.ElementClickInterceptedException: element click intercepted: Element <a href=\"#\" class=\"clickable qa-show-sidetray-account sidetray-account\" tabindex=\"0\">...</a> is not clickable at point (1556, 93). Other element would receive the click: <div class=\"bloomreach-weblayer\"></div>\n  (Session info: chrome=138.0.7204.184)\nBuild info: version: '4.27.0', revision: 'd6e718d134'\nSystem info: os.name: 'Mac OS X', os.arch: 'aarch64', os.version: '15.5', java.version: '24.0.2'\nDriver info: org.openqa.selenium.chrome.ChromeDriver\nCommand: [e15c54204dab02a0b8c83bbb275b1fb1, clickElement {id=f.2AB4DC6B2671192AD98D9E217FBB0BB8.d.95912CB81F7BD7CA45048E8396023A49.e.84}]\nCapabilities {acceptInsecureCerts: false, browserName: chrome, browserVersion: 138.0.7204.184, chrome: {chromedriverVersion: 138.0.7204.183 (e90faf484dd..., userDataDir: /var/folders/nx/g7zx87j545j...}, fedcm:accounts: true, goog:chromeOptions: {debuggerAddress: localhost:57910}, networkConnectionEnabled: false, pageLoadStrategy: normal, platformName: mac, proxy: Proxy(), se:cdp: ws://localhost:57910/devtoo..., se:cdpVersion: 138.0.7204.184, setWindowRect: true, strictFileInteractability: false, timeouts: {implicit: 0, pageLoad: 300000, script: 30000}, unhandledPromptBehavior: dismiss and notify, webauthn:extension:credBlob: true, webauthn:extension:largeBlob: true, webauthn:extension:minPinLength: true, webauthn:extension:prf: true, webauthn:virtualAuthenticators: true}\nElement: [[ChromeDriver: chrome on mac (e15c54204dab02a0b8c83bbb275b1fb1)] -> xpath: //a[@class ='clickable qa-show-sidetray-account sidetray-account']]\nSession ID: e15c54204dab02a0b8c83bbb275b1fb1\n\tat java.base/jdk.internal.reflect.DirectConstructorHandleAccessor.newInstance(DirectConstructorHandleAccessor.java:62)\n\tat java.base/java.lang.reflect.Constructor.newInstanceWithCaller(Constructor.java:499)\n\tat java.base/java.lang.reflect.Constructor.newInstance(Constructor.java:483)\n\tat org.openqa.selenium.remote.ErrorCodec.decode(ErrorCodec.java:167)\n\tat org.openqa.selenium.remote.codec.w3c.W3CHttpResponseCodec.decode(W3CHttpResponseCodec.java:138)\n\tat org.openqa.selenium.remote.codec.w3c.W3CHttpResponseCodec.decode(W3CHttpResponseCodec.java:50)\n\tat org.openqa.selenium.remote.HttpCommandExecutor.execute(HttpCommandExecutor.java:190)\n\tat org.openqa.selenium.remote.service.DriverCommandExecutor.invokeExecute(DriverCommandExecutor.java:216)\n\tat org.openqa.selenium.remote.service.DriverCommandExecutor.execute(DriverCommandExecutor.java:174)\n\tat org.openqa.selenium.remote.RemoteWebDriver.execute(RemoteWebDriver.java:545)\n\tat org.openqa.selenium.remote.RemoteWebElement.execute(RemoteWebElement.java:223)\n\tat org.openqa.selenium.remote.RemoteWebElement.click(RemoteWebElement.java:76)\n\tat HomePage.HomePageSteps.clickOnUsername(HomePageSteps.java:18)\n\tat ✽.User verifies user icon(file:///Users/luisnavarro/Library/CloudStorage/OneDrive-InstitutoSuperiorAutonomodeOccidenteA.C/DOCS_GRID/SELENIUM/SeleniumPageFactory/src/test/resources/features/ecommerce_test.feature:50)\n","duration":1085805000,"status":"failed"},"line":50,"name":"User verifies user icon","match":{"location":"HomePage.HomePageSteps.clickOnUsername()"},"keyword":"And "},{"result":{"duration":79000,"status":"skipped"},"line":51,"name":"User closes browser","match":{"location":"Scenario.BaseTest.tearDown()"},"keyword":"Then "}],"tags":[{"name":"@allure.story:TestHomepage"},{"name":"@TestHomepage"}]}],"name":"Testing of login, user account creation and web scrapping of product research","description":"","id":"testing-of-login--user-account-creation-and-web-scrapping-of-product-research","keyword":"Feature","uri":"file:src/test/resources/features/ecommerce_test.feature","tags":[]}]